参数范围: 30001 ~ 30101
平均评估结果:

RMSE:
  mater     : 18598870844.480000
  real_Ez   : 12288.757842
  imag_Ez   : 11836.404102
  T         : 0.011306

nRMSE:
  mater     : 0.372294
  real_Ez   : 0.058993
  imag_Ez   : 0.057264
  T         : 0.000037

MaxError:
  mater     : 204743887585.279999
  real_Ez   : 199809.672109
  imag_Ez   : 220130.918047
  T         : 0.673265

bRMSE:
  mater     : 2.867969
  real_Ez   : 41764.091299
  imag_Ez   : 41966.901641
  T         : 0.042421

fRMSE:
  mater     :
    low    : 19266527311052.800781
    middle : 8209557225635.839844
    high   : 1489921125703.679932
  real_Ez   :
    low    : 9050595.380000
    middle : 5579892.785000
    high   : 1184341.461875
  imag_Ez   :
    low    : 7726596.210000
    middle : 5882001.502500
    high   : 1097675.781250
  T         :
    low    : 5.931560
    middle : 3.884358
    high   : 1.238858
